{
  "stats": {
    "suites": 1,
    "tests": 1,
    "passes": 0,
    "pending": 0,
    "failures": 1,
    "start": "2023-06-03T10:19:58.298Z",
    "end": "2023-06-03T10:20:08.906Z",
    "duration": 10608,
    "testsRegistered": 1,
    "passPercent": 0,
    "pendingPercent": 0,
    "other": 0,
    "hasOther": false,
    "skipped": 0,
    "hasSkipped": false
  },
  "results": [
    {
      "uuid": "4b4cea2b-596a-4c13-abfa-4a7a9cebda1d",
      "title": "",
      "fullFile": "cypress\\e2e\\Pruebas\\APIS.cy.js",
      "file": "cypress\\e2e\\Pruebas\\APIS.cy.js",
      "beforeHooks": [],
      "afterHooks": [],
      "tests": [],
      "suites": [
        {
          "uuid": "f5c3bb60-3732-4b84-a717-3777d747632e",
          "title": "Pruebas en API con Cypress",
          "fullFile": "",
          "file": "",
          "beforeHooks": [],
          "afterHooks": [],
          "tests": [
            {
              "title": "Test login con comando personalizado",
              "fullTitle": "Pruebas en API con Cypress Test login con comando personalizado",
              "timedOut": null,
              "duration": 7041,
              "state": "failed",
              "speed": null,
              "pass": false,
              "fail": true,
              "pending": false,
              "context": null,
              "code": "cy.login();\ncy.get('.subheader').should('include.text', 'Welcome to the Secure Area');",
              "err": {
                "message": "AssertionError: Timed out retrying after 4000ms: Expected to find element: `.subheader`, but never found it.",
                "estack": "AssertionError: Timed out retrying after 4000ms: Expected to find element: `.subheader`, but never found it.\n    at Context.eval (webpack:///./cypress/e2e/Pruebas/APIS.cy.js:62:29)",
                "diff": null
              },
              "uuid": "e0bae367-eccb-4995-a64c-8fe28dc99445",
              "parentUUID": "f5c3bb60-3732-4b84-a717-3777d747632e",
              "isHook": false,
              "skipped": false
            }
          ],
          "suites": [],
          "passes": [],
          "failures": [
            "e0bae367-eccb-4995-a64c-8fe28dc99445"
          ],
          "pending": [],
          "skipped": [],
          "duration": 7041,
          "root": false,
          "rootEmpty": false,
          "_timeout": 2000
        }
      ],
      "passes": [],
      "failures": [],
      "pending": [],
      "skipped": [],
      "duration": 0,
      "root": true,
      "rootEmpty": true,
      "_timeout": 2000
    }
  ],
  "meta": {
    "mocha": {
      "version": "7.0.1"
    },
    "mochawesome": {
      "options": {
        "quiet": false,
        "reportFilename": "mochawesome",
        "saveHtml": true,
        "saveJson": true,
        "consoleReporter": "spec",
        "useInlineDiffs": false,
        "code": true
      },
      "version": "7.1.3"
    },
    "marge": {
      "options": null,
      "version": "6.2.0"
    }
  }
}